  Engine.cpp
  Graphics.cpp
  RenderWindow.cpp
  Source.cpp
  WindowContainer.cpp
  c:\program files (x86)\windows kits\10\include\10.0.18362.0\um\dinput.h: DIRECTINPUT_VERSION undefined. Defaulting to version 0x0800
  c:\program files (x86)\windows kits\10\include\10.0.18362.0\um\dinput.h: DIRECTINPUT_VERSION undefined. Defaulting to version 0x0800
  c:\program files (x86)\windows kits\10\include\10.0.18362.0\um\dinput.h: DIRECTINPUT_VERSION undefined. Defaulting to version 0x0800
  c:\program files (x86)\windows kits\10\include\10.0.18362.0\um\dinput.h: DIRECTINPUT_VERSION undefined. Defaulting to version 0x0800
  c:\program files (x86)\windows kits\10\include\10.0.18362.0\um\dinput.h: DIRECTINPUT_VERSION undefined. Defaulting to version 0x0800
c:\vsdev\computergraphics\dx11renderingengine\directx11renderingengine\graphics\graphics.cpp(514): warning C4018: '<': signed/unsigned mismatch
c:\vsdev\computergraphics\dx11renderingengine\directx11renderingengine\graphics\graphics.cpp(516): warning C4244: '=': conversion from 'double' to 'float', possible loss of data
c:\vsdev\computergraphics\dx11renderingengine\directx11renderingengine\graphics\graphics.cpp(518): warning C4018: '<': signed/unsigned mismatch
c:\vsdev\computergraphics\dx11renderingengine\directx11renderingengine\graphics\graphics.cpp(520): warning C4244: '=': conversion from 'double' to 'float', possible loss of data
c:\vsdev\computergraphics\dx11renderingengine\directx11renderingengine\graphics\graphics.cpp(556): warning C4018: '<': signed/unsigned mismatch
c:\vsdev\computergraphics\dx11renderingengine\directx11renderingengine\graphics\graphics.cpp(569): warning C4018: '<': signed/unsigned mismatch
c:\vsdev\computergraphics\dx11renderingengine\directx11renderingengine\graphics\graphics.cpp(571): warning C4018: '<': signed/unsigned mismatch
c:\vsdev\computergraphics\dx11renderingengine\directx11renderingengine\graphics\graphics.cpp(594): warning C4018: '<': signed/unsigned mismatch
DirectXTK.lib(CommonStates.obj) : warning LNK4099: PDB 'DirectXTK.pdb' was not found with 'DirectXTK.lib(CommonStates.obj)' or at 'C:\VSDev\ComputerGraphics\DX11RenderingEngine\bin\x64\Debug\DirectXTK.pdb'; linking object as if no debug info
DirectXTK.lib(DDSTextureLoader.obj) : warning LNK4099: PDB 'DirectXTK.pdb' was not found with 'DirectXTK.lib(DDSTextureLoader.obj)' or at 'C:\VSDev\ComputerGraphics\DX11RenderingEngine\bin\x64\Debug\DirectXTK.pdb'; linking object as if no debug info
DirectXTK.lib(BinaryReader.obj) : warning LNK4099: PDB 'DirectXTK.pdb' was not found with 'DirectXTK.lib(BinaryReader.obj)' or at 'C:\VSDev\ComputerGraphics\DX11RenderingEngine\bin\x64\Debug\DirectXTK.pdb'; linking object as if no debug info
DirectXTK.lib(pch.obj) : warning LNK4099: PDB 'DirectXTK.pdb' was not found with 'DirectXTK.lib(pch.obj)' or at 'C:\VSDev\ComputerGraphics\DX11RenderingEngine\bin\x64\Debug\DirectXTK.pdb'; linking object as if no debug info
DirectXTK.lib(SpriteBatch.obj) : warning LNK4099: PDB 'DirectXTK.pdb' was not found with 'DirectXTK.lib(SpriteBatch.obj)' or at 'C:\VSDev\ComputerGraphics\DX11RenderingEngine\bin\x64\Debug\DirectXTK.pdb'; linking object as if no debug info
DirectXTK.lib(SpriteFont.obj) : warning LNK4099: PDB 'DirectXTK.pdb' was not found with 'DirectXTK.lib(SpriteFont.obj)' or at 'C:\VSDev\ComputerGraphics\DX11RenderingEngine\bin\x64\Debug\DirectXTK.pdb'; linking object as if no debug info
DirectXTK.lib(VertexTypes.obj) : warning LNK4099: PDB 'DirectXTK.pdb' was not found with 'DirectXTK.lib(VertexTypes.obj)' or at 'C:\VSDev\ComputerGraphics\DX11RenderingEngine\bin\x64\Debug\DirectXTK.pdb'; linking object as if no debug info
DirectXTK.lib(WICTextureLoader.obj) : warning LNK4099: PDB 'DirectXTK.pdb' was not found with 'DirectXTK.lib(WICTextureLoader.obj)' or at 'C:\VSDev\ComputerGraphics\DX11RenderingEngine\bin\x64\Debug\DirectXTK.pdb'; linking object as if no debug info
  DirectX11RenderingEngine.vcxproj -> C:\VSDev\ComputerGraphics\DX11RenderingEngine\\bin\x64\Debug\DirectX11RenderingEngine.exe
