c:\vsdev\computergraphics\dx11renderingengine\directx11renderingengine\x64\debug\adapterreader.obj
c:\vsdev\computergraphics\dx11renderingengine\directx11renderingengine\x64\debug\imgui_widgets.obj
c:\vsdev\computergraphics\dx11renderingengine\directx11renderingengine\x64\debug\light.obj
c:\vsdev\computergraphics\dx11renderingengine\directx11renderingengine\x64\debug\component.obj
c:\vsdev\computergraphics\dx11renderingengine\directx11renderingengine\x64\debug\graphics.obj
c:\vsdev\computergraphics\dx11renderingengine\directx11renderingengine\x64\debug\windowcontainer.obj
c:\vsdev\computergraphics\dx11renderingengine\directx11renderingengine\x64\debug\camera3d.obj
c:\vsdev\computergraphics\dx11renderingengine\directx11renderingengine\x64\debug\sprite.obj
c:\vsdev\computergraphics\dx11renderingengine\directx11renderingengine\x64\debug\color.obj
c:\vsdev\computergraphics\dx11renderingengine\directx11renderingengine\x64\debug\imgui.obj
c:\vsdev\computergraphics\dx11renderingengine\directx11renderingengine\x64\debug\imgui_draw.obj
c:\vsdev\computergraphics\dx11renderingengine\directx11renderingengine\x64\debug\imgui_impl_dx11.obj
c:\vsdev\computergraphics\dx11renderingengine\directx11renderingengine\x64\debug\mesh.obj
c:\vsdev\computergraphics\dx11renderingengine\directx11renderingengine\x64\debug\gameobject2d.obj
c:\vsdev\computergraphics\dx11renderingengine\directx11renderingengine\x64\debug\mouseclass.obj
c:\vsdev\computergraphics\dx11renderingengine\directx11renderingengine\x64\debug\texture.obj
c:\vsdev\computergraphics\dx11renderingengine\directx11renderingengine\x64\debug\gameobject.obj
c:\vsdev\computergraphics\dx11renderingengine\directx11renderingengine\x64\debug\mouseevent.obj
c:\vsdev\computergraphics\dx11renderingengine\directx11renderingengine\x64\debug\renderwindow.obj
c:\vsdev\computergraphics\dx11renderingengine\directx11renderingengine\x64\debug\fileloader.obj
c:\vsdev\computergraphics\dx11renderingengine\directx11renderingengine\x64\debug\timer.obj
c:\vsdev\computergraphics\dx11renderingengine\directx11renderingengine\x64\debug\aabb.obj
c:\vsdev\computergraphics\dx11renderingengine\directx11renderingengine\x64\debug\keyboardclass.obj
c:\vsdev\computergraphics\dx11renderingengine\directx11renderingengine\x64\debug\shaders.obj
c:\vsdev\computergraphics\dx11renderingengine\directx11renderingengine\x64\debug\camera2d.obj
c:\vsdev\computergraphics\dx11renderingengine\directx11renderingengine\x64\debug\renderablegameobject.obj
c:\vsdev\computergraphics\dx11renderingengine\directx11renderingengine\x64\debug\errorlogger.obj
c:\vsdev\computergraphics\dx11renderingengine\directx11renderingengine\x64\debug\imgui_impl_win32.obj
c:\vsdev\computergraphics\dx11renderingengine\directx11renderingengine\x64\debug\keyboardevent.obj
c:\vsdev\computergraphics\dx11renderingengine\directx11renderingengine\x64\debug\model.obj
c:\vsdev\computergraphics\dx11renderingengine\directx11renderingengine\x64\debug\gameobject3d.obj
c:\vsdev\computergraphics\dx11renderingengine\directx11renderingengine\x64\debug\stringhelper.obj
c:\vsdev\computergraphics\dx11renderingengine\x64\debug\pixelshader.cso
c:\vsdev\computergraphics\dx11renderingengine\x64\debug\pixelshader_2d.cso
c:\vsdev\computergraphics\dx11renderingengine\x64\debug\pixelshader_nolight.cso
c:\vsdev\computergraphics\dx11renderingengine\x64\debug\vertexshader.cso
c:\vsdev\computergraphics\dx11renderingengine\x64\debug\vertexshader_2d.cso
c:\vsdev\computergraphics\dx11renderingengine\directx11renderingengine\x64\debug\vc141.idb
c:\vsdev\computergraphics\dx11renderingengine\directx11renderingengine\x64\debug\vc141.pdb
c:\vsdev\computergraphics\dx11renderingengine\directx11renderingengine\x64\debug\directx1.e5cb3a8c.tlog\cl.16636.write.1.tlog
c:\vsdev\computergraphics\dx11renderingengine\directx11renderingengine\x64\debug\directx1.e5cb3a8c.tlog\cl.command.1.tlog
c:\vsdev\computergraphics\dx11renderingengine\directx11renderingengine\x64\debug\directx1.e5cb3a8c.tlog\cl.read.1.tlog
c:\vsdev\computergraphics\dx11renderingengine\directx11renderingengine\x64\debug\directx1.e5cb3a8c.tlog\fxc.command.1.tlog
c:\vsdev\computergraphics\dx11renderingengine\directx11renderingengine\x64\debug\directx1.e5cb3a8c.tlog\fxc.read.1.tlog
c:\vsdev\computergraphics\dx11renderingengine\directx11renderingengine\x64\debug\directx1.e5cb3a8c.tlog\fxc.write.1.tlog
