C:\VSDev\Classes\GameEngines\InsightEngine\DirectX11RenderingEngine\pixelshader.hlsl(33,12-77): warning X3206: implicit truncation of vector type
  
  compilation object save succeeded; see C:\VSDev\Classes\GameEngines\InsightEngine\Debug\pixelshader.cso
  compilation object save succeeded; see C:\VSDev\Classes\GameEngines\InsightEngine\Debug\pixelshader_2d.cso
C:\VSDev\Classes\GameEngines\InsightEngine\DirectX11RenderingEngine\pixelshader_nolight.hlsl(16,12-77): warning X3206: implicit truncation of vector type
  
  compilation object save succeeded; see C:\VSDev\Classes\GameEngines\InsightEngine\Debug\pixelshader_nolight.cso
C:\VSDev\Classes\GameEngines\InsightEngine\DirectX11RenderingEngine\vertexshader.hlsl(29,5-80): warning X3206: implicit truncation of vector type
C:\VSDev\Classes\GameEngines\InsightEngine\DirectX11RenderingEngine\vertexshader.hlsl(30,5-68): warning X3206: implicit truncation of vector type
  
  compilation object save succeeded; see C:\VSDev\Classes\GameEngines\InsightEngine\Debug\vertexshader.cso
  compilation object save succeeded; see C:\VSDev\Classes\GameEngines\InsightEngine\Debug\vertexshader_2d.cso
  Component.cpp
  AABB.cpp
  FileLoader.cpp
  Camera2D.cpp
  GameObject2D.cpp
  GameObject3D.cpp
  Color.cpp
  GameObject.cpp
  Camera3D.cpp
  AdapterReader.cpp
  Engine.cpp
  ErrorLogger.cpp
  Graphics.cpp
  imgui.cpp
  imgui_draw.cpp
  imgui_impl_dx11.cpp
  imgui_impl_win32.cpp
  imgui_widgets.cpp
  KeyboardClass.cpp
  KeyboardEvent.cpp
  Model.cpp
  Mesh.cpp
  Light.cpp
  MouseClass.cpp
  MouseEvent.cpp
  RenderableGameObject.cpp
  RenderWindow.cpp
  Shaders.cpp
  Source.cpp
  Sprite.cpp
c:\vsdev\classes\gameengines\insightengine\directx11renderingengine\fileloader.cpp(12): warning C4316: 'RenderableGameObject': object allocated on the heap may not be aligned 16
c:\vsdev\classes\gameengines\insightengine\directx11renderingengine\fileloader.cpp(21): warning C4316: 'RenderableGameObject': object allocated on the heap may not be aligned 16
c:\vsdev\classes\gameengines\insightengine\directx11renderingengine\fileloader.cpp(74): warning C4018: '<': signed/unsigned mismatch
  StringHelper.cpp
c:\vsdev\classes\gameengines\insightengine\directx11renderingengine\engine.cpp(97): warning C4018: '<': signed/unsigned mismatch
c:\vsdev\classes\gameengines\insightengine\directx11renderingengine\graphics\graphics.cpp(67): warning C4018: '<': signed/unsigned mismatch
  Texture.cpp
  Timer.cpp
  WindowContainer.cpp
c:\vsdev\classes\gameengines\insightengine\directx11renderingengine\graphics\mesh.cpp(29): warning C4018: '<': signed/unsigned mismatch
c:\vsdev\classes\gameengines\insightengine\directx11renderingengine\graphics\model.cpp(27): warning C4018: '<': signed/unsigned mismatch
Model.obj : error LNK2019: unresolved external symbol "public: __thiscall Assimp::Importer::Importer(void)" (??0Importer@Assimp@@QAE@XZ) referenced in function "private: bool __thiscall Model::LoadModel(class std::basic_string<char,struct std::char_traits<char>,class std::allocator<char> > const &)" (?LoadModel@Model@@AAE_NABV?$basic_string@DU?$char_traits@D@std@@V?$allocator@D@2@@std@@@Z)
Model.obj : error LNK2019: unresolved external symbol "public: __thiscall Assimp::Importer::~Importer(void)" (??1Importer@Assimp@@QAE@XZ) referenced in function "private: bool __thiscall Model::LoadModel(class std::basic_string<char,struct std::char_traits<char>,class std::allocator<char> > const &)" (?LoadModel@Model@@AAE_NABV?$basic_string@DU?$char_traits@D@std@@V?$allocator@D@2@@std@@@Z)
Model.obj : error LNK2019: unresolved external symbol "public: struct aiScene const * __thiscall Assimp::Importer::ReadFile(char const *,unsigned int)" (?ReadFile@Importer@Assimp@@QAEPBUaiScene@@PBDI@Z) referenced in function "public: struct aiScene const * __thiscall Assimp::Importer::ReadFile(class std::basic_string<char,struct std::char_traits<char>,class std::allocator<char> > const &,unsigned int)" (?ReadFile@Importer@Assimp@@QAEPBUaiScene@@ABV?$basic_string@DU?$char_traits@D@std@@V?$allocator@D@2@@std@@I@Z)
Model.obj : error LNK2019: unresolved external symbol _aiGetMaterialColor referenced in function "public: enum aiReturn __thiscall aiMaterial::Get(char const *,unsigned int,unsigned int,struct aiColor3D &)const " (?Get@aiMaterial@@QBE?AW4aiReturn@@PBDIIAAUaiColor3D@@@Z)
Model.obj : error LNK2019: unresolved external symbol _aiGetMaterialTextureCount referenced in function "public: unsigned int __thiscall aiMaterial::GetTextureCount(enum aiTextureType)const " (?GetTextureCount@aiMaterial@@QBEIW4aiTextureType@@@Z)
Model.obj : error LNK2019: unresolved external symbol _aiGetMaterialTexture referenced in function "public: enum aiReturn __thiscall aiMaterial::GetTexture(enum aiTextureType,unsigned int,struct aiString *,enum aiTextureMapping *,unsigned int *,float *,enum aiTextureOp *,enum aiTextureMapMode *)const " (?GetTexture@aiMaterial@@QBE?AW4aiReturn@@W4aiTextureType@@IPAUaiString@@PAW4aiTextureMapping@@PAIPAMPAW4aiTextureOp@@PAW4aiTextureMapMode@@@Z)
C:\VSDev\Classes\GameEngines\InsightEngine\DirectX11RenderingEngine\Libs\Any\assimp-vc140-mt.lib : warning LNK4272: library machine type 'x64' conflicts with target machine type 'x86'
C:\VSDev\Classes\GameEngines\InsightEngine\Debug\DirectX11RenderingEngine.exe : fatal error LNK1120: 6 unresolved externals
