c:\users\garrett\onedrive - neumont college of computer science\visual studio\repos\directx11renderingengine\directx11renderingengine\debug\vc141.pdb
c:\users\garrett\onedrive - neumont college of computer science\visual studio\repos\directx11renderingengine\directx11renderingengine\debug\vc141.idb
c:\users\garrett\onedrive - neumont college of computer science\visual studio\repos\directx11renderingengine\directx11renderingengine\debug\windowcontainer.obj
c:\users\garrett\onedrive - neumont college of computer science\visual studio\repos\directx11renderingengine\directx11renderingengine\debug\stringconverter.obj
c:\users\garrett\onedrive - neumont college of computer science\visual studio\repos\directx11renderingengine\directx11renderingengine\debug\source.obj
c:\users\garrett\onedrive - neumont college of computer science\visual studio\repos\directx11renderingengine\directx11renderingengine\debug\shaders.obj
c:\users\garrett\onedrive - neumont college of computer science\visual studio\repos\directx11renderingengine\directx11renderingengine\debug\renderwindow.obj
c:\users\garrett\onedrive - neumont college of computer science\visual studio\repos\directx11renderingengine\directx11renderingengine\debug\mouseevent.obj
c:\users\garrett\onedrive - neumont college of computer science\visual studio\repos\directx11renderingengine\directx11renderingengine\debug\mouseclass.obj
c:\users\garrett\onedrive - neumont college of computer science\visual studio\repos\directx11renderingengine\directx11renderingengine\debug\keyboardevent.obj
c:\users\garrett\onedrive - neumont college of computer science\visual studio\repos\directx11renderingengine\directx11renderingengine\debug\keyboardclass.obj
c:\users\garrett\onedrive - neumont college of computer science\visual studio\repos\directx11renderingengine\directx11renderingengine\debug\graphics.obj
c:\users\garrett\onedrive - neumont college of computer science\visual studio\repos\directx11renderingengine\directx11renderingengine\debug\errorlogger.obj
c:\users\garrett\onedrive - neumont college of computer science\visual studio\repos\directx11renderingengine\directx11renderingengine\debug\engine.obj
c:\users\garrett\onedrive - neumont college of computer science\visual studio\repos\directx11renderingengine\directx11renderingengine\debug\adapterreader.obj
c:\users\garrett\onedrive - neumont college of computer science\visual studio\repos\directx11renderingengine\directx11renderingengine\debug\camera.obj
c:\users\garrett\onedrive - neumont college of computer science\visual studio\repos\directx11renderingengine\directx11renderingengine\debug\timer.obj
c:\users\garrett\onedrive - neumont college of computer science\visual studio\repos\directx11renderingengine\directx11renderingengine\debug\imgui.obj
c:\users\garrett\onedrive - neumont college of computer science\visual studio\repos\directx11renderingengine\directx11renderingengine\debug\imgui_impl_dx11.obj
c:\users\garrett\onedrive - neumont college of computer science\visual studio\repos\directx11renderingengine\directx11renderingengine\debug\imgui_draw.obj
c:\users\garrett\onedrive - neumont college of computer science\visual studio\repos\directx11renderingengine\directx11renderingengine\debug\imgui_widgets.obj
c:\users\garrett\onedrive - neumont college of computer science\visual studio\repos\directx11renderingengine\directx11renderingengine\debug\imgui_impl_win32.obj
c:\users\garrett\onedrive - neumont college of computer science\visual studio\repos\directx11renderingengine\directx11renderingengine\debug\model.obj
c:\users\garrett\onedrive - neumont college of computer science\visual studio\repos\directx11renderingengine\directx11renderingengine\debug\mesh.obj
c:\vsdev\computergraphics\directx11renderingengine\directx11renderingengine\debug\gameobject.obj
c:\vsdev\computergraphics\directx11renderingengine\directx11renderingengine\debug\stringhelper.obj
c:\vsdev\computergraphics\directx11renderingengine\directx11renderingengine\debug\color.obj
c:\vsdev\computergraphics\directx11renderingengine\directx11renderingengine\debug\imgui_impl_dx11.obj
c:\vsdev\computergraphics\directx11renderingengine\directx11renderingengine\debug\keyboardevent.obj
c:\vsdev\computergraphics\directx11renderingengine\directx11renderingengine\debug\model.obj
c:\vsdev\computergraphics\directx11renderingengine\directx11renderingengine\debug\camera2d.obj
c:\vsdev\computergraphics\directx11renderingengine\directx11renderingengine\debug\sprite.obj
c:\vsdev\computergraphics\directx11renderingengine\directx11renderingengine\debug\graphics.obj
c:\vsdev\computergraphics\directx11renderingengine\directx11renderingengine\debug\windowcontainer.obj
c:\vsdev\computergraphics\directx11renderingengine\directx11renderingengine\debug\gameobject2d.obj
c:\vsdev\computergraphics\directx11renderingengine\directx11renderingengine\debug\shaders.obj
c:\vsdev\computergraphics\directx11renderingengine\directx11renderingengine\debug\errorlogger.obj
c:\vsdev\computergraphics\directx11renderingengine\directx11renderingengine\debug\mouseclass.obj
c:\vsdev\computergraphics\directx11renderingengine\directx11renderingengine\debug\renderwindow.obj
c:\vsdev\computergraphics\directx11renderingengine\directx11renderingengine\debug\camera3d.obj
c:\vsdev\computergraphics\directx11renderingengine\directx11renderingengine\debug\texture.obj
c:\vsdev\computergraphics\directx11renderingengine\directx11renderingengine\debug\adapterreader.obj
c:\vsdev\computergraphics\directx11renderingengine\directx11renderingengine\debug\mouseevent.obj
c:\vsdev\computergraphics\directx11renderingengine\directx11renderingengine\debug\renderablegameobject.obj
c:\vsdev\computergraphics\directx11renderingengine\directx11renderingengine\debug\imgui_draw.obj
c:\vsdev\computergraphics\directx11renderingengine\directx11renderingengine\debug\imgui_impl_win32.obj
c:\vsdev\computergraphics\directx11renderingengine\directx11renderingengine\debug\keyboardclass.obj
c:\vsdev\computergraphics\directx11renderingengine\directx11renderingengine\debug\light.obj
c:\vsdev\computergraphics\directx11renderingengine\directx11renderingengine\debug\imgui.obj
c:\vsdev\computergraphics\directx11renderingengine\directx11renderingengine\debug\imgui_widgets.obj
c:\vsdev\computergraphics\directx11renderingengine\directx11renderingengine\debug\mesh.obj
c:\vsdev\computergraphics\directx11renderingengine\directx11renderingengine\debug\gameobject3d.obj
c:\vsdev\computergraphics\directx11renderingengine\directx11renderingengine\debug\source.obj
c:\vsdev\computergraphics\directx11renderingengine\directx11renderingengine\debug\engine.obj
c:\vsdev\computergraphics\directx11renderingengine\directx11renderingengine\debug\timer.obj
c:\vsdev\computergraphics\directx11renderingengine\directx11renderingengine\debug\vc141.pdb
c:\vsdev\classes\gameengines\insightengine\directx11renderingengine\debug\camera3d.obj
c:\vsdev\classes\gameengines\insightengine\directx11renderingengine\debug\renderwindow.obj
c:\vsdev\classes\gameengines\insightengine\directx11renderingengine\debug\gameobject.obj
c:\vsdev\classes\gameengines\insightengine\directx11renderingengine\debug\renderablegameobject.obj
c:\vsdev\classes\gameengines\insightengine\directx11renderingengine\debug\camera2d.obj
c:\vsdev\classes\gameengines\insightengine\directx11renderingengine\debug\mouseevent.obj
c:\vsdev\classes\gameengines\insightengine\directx11renderingengine\debug\sprite.obj
c:\vsdev\classes\gameengines\insightengine\directx11renderingengine\debug\engine.obj
c:\vsdev\classes\gameengines\insightengine\directx11renderingengine\debug\windowcontainer.obj
c:\vsdev\classes\gameengines\insightengine\directx11renderingengine\debug\aabb.obj
c:\vsdev\classes\gameengines\insightengine\directx11renderingengine\debug\imgui_draw.obj
c:\vsdev\classes\gameengines\insightengine\directx11renderingengine\debug\imgui_impl_win32.obj
c:\vsdev\classes\gameengines\insightengine\directx11renderingengine\debug\imgui_widgets.obj
c:\vsdev\classes\gameengines\insightengine\directx11renderingengine\debug\keyboardevent.obj
c:\vsdev\classes\gameengines\insightengine\directx11renderingengine\debug\mesh.obj
c:\vsdev\classes\gameengines\insightengine\directx11renderingengine\debug\component.obj
c:\vsdev\classes\gameengines\insightengine\directx11renderingengine\debug\graphics.obj
c:\vsdev\classes\gameengines\insightengine\directx11renderingengine\debug\timer.obj
c:\vsdev\classes\gameengines\insightengine\directx11renderingengine\debug\adapterreader.obj
c:\vsdev\classes\gameengines\insightengine\directx11renderingengine\debug\light.obj
c:\vsdev\classes\gameengines\insightengine\directx11renderingengine\debug\fileloader.obj
c:\vsdev\classes\gameengines\insightengine\directx11renderingengine\debug\texture.obj
c:\vsdev\classes\gameengines\insightengine\directx11renderingengine\debug\gameobject3d.obj
c:\vsdev\classes\gameengines\insightengine\directx11renderingengine\debug\source.obj
c:\vsdev\classes\gameengines\insightengine\directx11renderingengine\debug\color.obj
c:\vsdev\classes\gameengines\insightengine\directx11renderingengine\debug\imgui.obj
c:\vsdev\classes\gameengines\insightengine\directx11renderingengine\debug\imgui_impl_dx11.obj
c:\vsdev\classes\gameengines\insightengine\directx11renderingengine\debug\model.obj
c:\vsdev\classes\gameengines\insightengine\directx11renderingengine\debug\errorlogger.obj
c:\vsdev\classes\gameengines\insightengine\directx11renderingengine\debug\keyboardclass.obj
c:\vsdev\classes\gameengines\insightengine\directx11renderingengine\debug\mouseclass.obj
c:\vsdev\classes\gameengines\insightengine\directx11renderingengine\debug\stringhelper.obj
c:\vsdev\classes\gameengines\insightengine\directx11renderingengine\debug\gameobject2d.obj
c:\vsdev\classes\gameengines\insightengine\directx11renderingengine\debug\shaders.obj
c:\vsdev\classes\gameengines\insightengine\directx11renderingengine\debug\vc141.pdb
c:\users\garrett\onedrive - neumont college of computer science\visual studio\repos\directx11renderingengine\debug\vertexshader.cso
c:\users\garrett\onedrive - neumont college of computer science\visual studio\repos\directx11renderingengine\debug\pixelshader.cso
c:\vsdev\computergraphics\directx11renderingengine\debug\pixelshader.cso
c:\vsdev\computergraphics\directx11renderingengine\debug\pixelshader_2d.cso
c:\vsdev\computergraphics\directx11renderingengine\debug\pixelshader_nolight.cso
c:\vsdev\computergraphics\directx11renderingengine\debug\vertexshader.cso
c:\vsdev\computergraphics\directx11renderingengine\debug\vertexshader_2d.cso
c:\vsdev\classes\gameengines\insightengine\debug\pixelshader.cso
c:\vsdev\classes\gameengines\insightengine\debug\pixelshader_2d.cso
c:\vsdev\classes\gameengines\insightengine\debug\pixelshader_nolight.cso
c:\vsdev\classes\gameengines\insightengine\debug\vertexshader.cso
c:\vsdev\classes\gameengines\insightengine\debug\vertexshader_2d.cso
c:\users\garrett\onedrive - neumont college of computer science\visual studio\repos\directx11renderingengine\debug\directx11renderingengine.exe
c:\users\garrett\onedrive - neumont college of computer science\visual studio\repos\directx11renderingengine\debug\directx11renderingengine.ilk
c:\users\garrett\onedrive - neumont college of computer science\visual studio\repos\directx11renderingengine\debug\directx11renderingengine.pdb
c:\vsdev\classes\gameengines\insightengine\directx11renderingengine\debug\camera.obj
c:\vsdev\classes\gameengines\insightengine\directx11renderingengine\debug\stringconverter.obj
c:\vsdev\classes\gameengines\insightengine\directx11renderingengine\debug\vc141.idb
c:\vsdev\classes\gameengines\insightengine\debug\directx11renderingengine.pdb
c:\vsdev\classes\gameengines\insightengine\directx11renderingengine\debug\directx1.e5cb3a8c.tlog\cl.command.1.tlog
c:\vsdev\classes\gameengines\insightengine\directx11renderingengine\debug\directx1.e5cb3a8c.tlog\cl.read.1.tlog
c:\vsdev\classes\gameengines\insightengine\directx11renderingengine\debug\directx1.e5cb3a8c.tlog\cl.write.1.tlog
c:\vsdev\classes\gameengines\insightengine\directx11renderingengine\debug\directx1.e5cb3a8c.tlog\fxc.command.1.tlog
c:\vsdev\classes\gameengines\insightengine\directx11renderingengine\debug\directx1.e5cb3a8c.tlog\fxc.read.1.tlog
c:\vsdev\classes\gameengines\insightengine\directx11renderingengine\debug\directx1.e5cb3a8c.tlog\fxc.write.1.tlog
c:\vsdev\classes\gameengines\insightengine\directx11renderingengine\debug\directx1.e5cb3a8c.tlog\link-cvtres.read.1.tlog
c:\vsdev\classes\gameengines\insightengine\directx11renderingengine\debug\directx1.e5cb3a8c.tlog\link-cvtres.write.1.tlog
c:\vsdev\classes\gameengines\insightengine\directx11renderingengine\debug\directx1.e5cb3a8c.tlog\link-rc.read.1.tlog
c:\vsdev\classes\gameengines\insightengine\directx11renderingengine\debug\directx1.e5cb3a8c.tlog\link-rc.write.1.tlog
c:\vsdev\classes\gameengines\insightengine\directx11renderingengine\debug\directx1.e5cb3a8c.tlog\link.11548-cvtres.read.1.tlog
c:\vsdev\classes\gameengines\insightengine\directx11renderingengine\debug\directx1.e5cb3a8c.tlog\link.11548-cvtres.write.1.tlog
c:\vsdev\classes\gameengines\insightengine\directx11renderingengine\debug\directx1.e5cb3a8c.tlog\link.11548-rc.read.1.tlog
c:\vsdev\classes\gameengines\insightengine\directx11renderingengine\debug\directx1.e5cb3a8c.tlog\link.11548-rc.write.1.tlog
c:\vsdev\classes\gameengines\insightengine\directx11renderingengine\debug\directx1.e5cb3a8c.tlog\link.11548.read.1.tlog
c:\vsdev\classes\gameengines\insightengine\directx11renderingengine\debug\directx1.e5cb3a8c.tlog\link.11548.write.1.tlog
c:\vsdev\classes\gameengines\insightengine\directx11renderingengine\debug\directx1.e5cb3a8c.tlog\link.command.1.tlog
c:\vsdev\classes\gameengines\insightengine\directx11renderingengine\debug\directx1.e5cb3a8c.tlog\link.read.1.tlog
c:\vsdev\classes\gameengines\insightengine\directx11renderingengine\debug\directx1.e5cb3a8c.tlog\link.write.1.tlog
