c:\vsdev\computergraphics\directx11renderingengine\directx11renderingengine\x64\release\errorlogger.obj
c:\vsdev\computergraphics\directx11renderingengine\directx11renderingengine\x64\release\light.obj
c:\vsdev\computergraphics\directx11renderingengine\directx11renderingengine\x64\release\imgui_draw.obj
c:\vsdev\computergraphics\directx11renderingengine\directx11renderingengine\x64\release\imgui_impl_dx11.obj
c:\vsdev\computergraphics\directx11renderingengine\directx11renderingengine\x64\release\mouseclass.obj
c:\vsdev\computergraphics\directx11renderingengine\directx11renderingengine\x64\release\renderwindow.obj
c:\vsdev\computergraphics\directx11renderingengine\directx11renderingengine\x64\release\gameobject2d.obj
c:\vsdev\computergraphics\directx11renderingengine\directx11renderingengine\x64\release\sprite.obj
c:\vsdev\computergraphics\directx11renderingengine\directx11renderingengine\x64\release\gameobject.obj
c:\vsdev\computergraphics\directx11renderingengine\directx11renderingengine\x64\release\shaders.obj
c:\vsdev\computergraphics\directx11renderingengine\directx11renderingengine\x64\release\imgui.obj
c:\vsdev\computergraphics\directx11renderingengine\directx11renderingengine\x64\release\imgui_widgets.obj
c:\vsdev\computergraphics\directx11renderingengine\directx11renderingengine\x64\release\keyboardevent.obj
c:\vsdev\computergraphics\directx11renderingengine\directx11renderingengine\x64\release\model.obj
c:\vsdev\computergraphics\directx11renderingengine\directx11renderingengine\x64\release\color.obj
c:\vsdev\computergraphics\directx11renderingengine\directx11renderingengine\x64\release\imgui_impl_win32.obj
c:\vsdev\computergraphics\directx11renderingengine\directx11renderingengine\x64\release\keyboardclass.obj
c:\vsdev\computergraphics\directx11renderingengine\directx11renderingengine\x64\release\mesh.obj
c:\vsdev\computergraphics\directx11renderingengine\directx11renderingengine\x64\release\graphics.obj
c:\vsdev\computergraphics\directx11renderingengine\directx11renderingengine\x64\release\windowcontainer.obj
c:\vsdev\computergraphics\directx11renderingengine\directx11renderingengine\x64\release\camera3d.obj
c:\vsdev\computergraphics\directx11renderingengine\directx11renderingengine\x64\release\texture.obj
c:\vsdev\computergraphics\directx11renderingengine\directx11renderingengine\x64\release\camera2d.obj
c:\vsdev\computergraphics\directx11renderingengine\directx11renderingengine\x64\release\source.obj
c:\vsdev\computergraphics\directx11renderingengine\directx11renderingengine\x64\release\engine.obj
c:\vsdev\computergraphics\directx11renderingengine\directx11renderingengine\x64\release\timer.obj
c:\vsdev\computergraphics\directx11renderingengine\directx11renderingengine\x64\release\gameobject3d.obj
c:\vsdev\computergraphics\directx11renderingengine\directx11renderingengine\x64\release\stringhelper.obj
c:\vsdev\computergraphics\directx11renderingengine\directx11renderingengine\x64\release\adapterreader.obj
c:\vsdev\computergraphics\directx11renderingengine\directx11renderingengine\x64\release\mouseevent.obj
c:\vsdev\computergraphics\directx11renderingengine\directx11renderingengine\x64\release\renderablegameobject.obj
c:\vsdev\computergraphics\directx11renderingengine\directx11renderingengine\x64\release\vc141.pdb
c:\vsdev\classes\gameengines\insightengine\directx11renderingengine\x64\release\camera3d.obj
c:\vsdev\classes\gameengines\insightengine\directx11renderingengine\x64\release\texture.obj
c:\vsdev\classes\gameengines\insightengine\directx11renderingengine\x64\release\gameobject3d.obj
c:\vsdev\classes\gameengines\insightengine\directx11renderingengine\x64\release\sprite.obj
c:\vsdev\classes\gameengines\insightengine\directx11renderingengine\x64\release\gameobject2d.obj
c:\vsdev\classes\gameengines\insightengine\directx11renderingengine\x64\release\source.obj
c:\vsdev\classes\gameengines\insightengine\directx11renderingengine\x64\release\gameobject.obj
c:\vsdev\classes\gameengines\insightengine\directx11renderingengine\x64\release\stringhelper.obj
c:\vsdev\classes\gameengines\insightengine\directx11renderingengine\x64\release\imgui.obj
c:\vsdev\classes\gameengines\insightengine\directx11renderingengine\x64\release\imgui_widgets.obj
c:\vsdev\classes\gameengines\insightengine\directx11renderingengine\x64\release\keyboardevent.obj
c:\vsdev\classes\gameengines\insightengine\directx11renderingengine\x64\release\model.obj
c:\vsdev\classes\gameengines\insightengine\directx11renderingengine\x64\release\graphics.obj
c:\vsdev\classes\gameengines\insightengine\directx11renderingengine\x64\release\timer.obj
c:\vsdev\classes\gameengines\insightengine\directx11renderingengine\x64\release\camera2d.obj
c:\vsdev\classes\gameengines\insightengine\directx11renderingengine\x64\release\shaders.obj
c:\vsdev\classes\gameengines\insightengine\directx11renderingengine\x64\release\adapterreader.obj
c:\vsdev\classes\gameengines\insightengine\directx11renderingengine\x64\release\mouseevent.obj
c:\vsdev\classes\gameengines\insightengine\directx11renderingengine\x64\release\renderablegameobject.obj
c:\vsdev\classes\gameengines\insightengine\directx11renderingengine\x64\release\color.obj
c:\vsdev\classes\gameengines\insightengine\directx11renderingengine\x64\release\imgui_impl_dx11.obj
c:\vsdev\classes\gameengines\insightengine\directx11renderingengine\x64\release\light.obj
c:\vsdev\classes\gameengines\insightengine\directx11renderingengine\x64\release\errorlogger.obj
c:\vsdev\classes\gameengines\insightengine\directx11renderingengine\x64\release\mouseclass.obj
c:\vsdev\classes\gameengines\insightengine\directx11renderingengine\x64\release\renderwindow.obj
c:\vsdev\classes\gameengines\insightengine\directx11renderingengine\x64\release\imgui_draw.obj
c:\vsdev\classes\gameengines\insightengine\directx11renderingengine\x64\release\imgui_impl_win32.obj
c:\vsdev\classes\gameengines\insightengine\directx11renderingengine\x64\release\keyboardclass.obj
c:\vsdev\classes\gameengines\insightengine\directx11renderingengine\x64\release\mesh.obj
c:\vsdev\classes\gameengines\insightengine\directx11renderingengine\x64\release\engine.obj
c:\vsdev\classes\gameengines\insightengine\directx11renderingengine\x64\release\windowcontainer.obj
c:\vsdev\classes\gameengines\insightengine\directx11renderingengine\x64\release\vc141.pdb
c:\vsdev\classes\gameengines\insightengine\directx11renderingengine\x64\release\fileloader.obj
c:\vsdev\classes\gameengines\insightengine\directx11renderingengine\x64\release\component.obj
c:\vsdev\classes\gameengines\insightengine\directx11renderingengine\x64\release\aabb.obj
c:\vsdev\computergraphics\directx11renderingengine\x64\release\directx11renderingengine.ipdb
c:\vsdev\computergraphics\directx11renderingengine\x64\release\directx11renderingengine.iobj
c:\vsdev\classes\gameengines\insightengine\x64\release\directx11renderingengine.ipdb
c:\vsdev\classes\gameengines\insightengine\x64\release\directx11renderingengine.iobj
c:\vsdev\computergraphics\directx11renderingengine\x64\release\pixelshader.cso
c:\vsdev\computergraphics\directx11renderingengine\x64\release\pixelshader_2d.cso
c:\vsdev\computergraphics\directx11renderingengine\x64\release\pixelshader_nolight.cso
c:\vsdev\computergraphics\directx11renderingengine\x64\release\vertexshader.cso
c:\vsdev\computergraphics\directx11renderingengine\x64\release\vertexshader_2d.cso
c:\vsdev\classes\gameengines\insightengine\x64\release\vertexshader_2d.cso
c:\vsdev\classes\gameengines\insightengine\x64\release\vertexshader.cso
c:\vsdev\classes\gameengines\insightengine\x64\release\pixelshader_nolight.cso
c:\vsdev\classes\gameengines\insightengine\x64\release\pixelshader_2d.cso
c:\vsdev\classes\gameengines\insightengine\x64\release\pixelshader.cso
c:\vsdev\computergraphics\directx11renderingengine\x64\release\directx11renderingengine.exe
c:\vsdev\computergraphics\directx11renderingengine\x64\release\directx11renderingengine.pdb
c:\vsdev\classes\gameengines\insightengine\x64\release\directx11renderingengine.exe
c:\vsdev\classes\gameengines\insightengine\x64\release\directx11renderingengine.pdb
c:\vsdev\classes\gameengines\insightengine\directx11renderingengine\x64\release\directx1.e5cb3a8c.tlog\cl.command.1.tlog
c:\vsdev\classes\gameengines\insightengine\directx11renderingengine\x64\release\directx1.e5cb3a8c.tlog\cl.read.1.tlog
c:\vsdev\classes\gameengines\insightengine\directx11renderingengine\x64\release\directx1.e5cb3a8c.tlog\cl.write.1.tlog
c:\vsdev\classes\gameengines\insightengine\directx11renderingengine\x64\release\directx1.e5cb3a8c.tlog\directx11renderingengine.write.1u.tlog
c:\vsdev\classes\gameengines\insightengine\directx11renderingengine\x64\release\directx1.e5cb3a8c.tlog\fxc.command.1.tlog
c:\vsdev\classes\gameengines\insightengine\directx11renderingengine\x64\release\directx1.e5cb3a8c.tlog\fxc.read.1.tlog
c:\vsdev\classes\gameengines\insightengine\directx11renderingengine\x64\release\directx1.e5cb3a8c.tlog\fxc.write.1.tlog
c:\vsdev\classes\gameengines\insightengine\directx11renderingengine\x64\release\directx1.e5cb3a8c.tlog\link.command.1.tlog
c:\vsdev\classes\gameengines\insightengine\directx11renderingengine\x64\release\directx1.e5cb3a8c.tlog\link.read.1.tlog
c:\vsdev\classes\gameengines\insightengine\directx11renderingengine\x64\release\directx1.e5cb3a8c.tlog\link.write.1.tlog
