C:\Program Files (x86)\Microsoft Visual Studio\2017\Enterprise\Common7\IDE\VC\VCTargets\Microsoft.CppBuild.targets(376,5): warning MSB8004: Intermediate Directory does not end with a trailing slash.  This build instance will add the slash as it is required to allow proper evaluation of the Intermediate Directory.
C:\Program Files (x86)\Microsoft Visual Studio\2017\Enterprise\Common7\IDE\VC\VCTargets\Microsoft.CppBuild.targets(377,5): warning MSB8004: Output Directory does not end with a trailing slash.  This build instance will add the slash as it is required to allow proper evaluation of the Output Directory.
C:\VSDev\ComputerGraphics\DX11RenderingEngine\DirectX11RenderingEngine\pixelshader.hlsl(33,12-77): warning X3206: implicit truncation of vector type
  
  compilation object save succeeded; see C:\VSDev\ComputerGraphics\DX11RenderingEngine\bin\Win32\Release\pixelshader.cso
  compilation object save succeeded; see C:\VSDev\ComputerGraphics\DX11RenderingEngine\bin\Win32\Release\pixelshader_2d.cso
C:\VSDev\ComputerGraphics\DX11RenderingEngine\DirectX11RenderingEngine\pixelshader_nolight.hlsl(16,12-77): warning X3206: implicit truncation of vector type
  
  compilation object save succeeded; see C:\VSDev\ComputerGraphics\DX11RenderingEngine\bin\Win32\Release\pixelshader_nolight.cso
C:\VSDev\ComputerGraphics\DX11RenderingEngine\DirectX11RenderingEngine\vertexshader.hlsl(29,5-80): warning X3206: implicit truncation of vector type
C:\VSDev\ComputerGraphics\DX11RenderingEngine\DirectX11RenderingEngine\vertexshader.hlsl(30,5-68): warning X3206: implicit truncation of vector type
  
  compilation object save succeeded; see C:\VSDev\ComputerGraphics\DX11RenderingEngine\bin\Win32\Release\vertexshader.cso
  compilation object save succeeded; see C:\VSDev\ComputerGraphics\DX11RenderingEngine\bin\Win32\Release\vertexshader_2d.cso
  Component.cpp
  AABB.cpp
  FileLoader.cpp
  Camera2D.cpp
  GameObject2D.cpp
  GameObject3D.cpp
  Color.cpp
  GameObject.cpp
  Camera3D.cpp
  AdapterReader.cpp
  Engine.cpp
  ErrorLogger.cpp
  Graphics.cpp
  imgui.cpp
  imgui_draw.cpp
  imgui_impl_dx11.cpp
  imgui_impl_win32.cpp
  imgui_widgets.cpp
  KeyboardClass.cpp
  KeyboardEvent.cpp
  Model.cpp
  Mesh.cpp
  Light.cpp
  MouseClass.cpp
c:\vsdev\computergraphics\dx11renderingengine\directx11renderingengine\fileloader.cpp(12): warning C4316: 'RenderableGameObject': object allocated on the heap may not be aligned 16
c:\vsdev\computergraphics\dx11renderingengine\directx11renderingengine\fileloader.cpp(21): warning C4316: 'RenderableGameObject': object allocated on the heap may not be aligned 16
c:\vsdev\computergraphics\dx11renderingengine\directx11renderingengine\fileloader.cpp(74): warning C4018: '<': signed/unsigned mismatch
  MouseEvent.cpp
  RenderableGameObject.cpp
  RenderWindow.cpp
  Shaders.cpp
c:\vsdev\computergraphics\dx11renderingengine\directx11renderingengine\graphics\graphics.cpp(67): warning C4018: '<': signed/unsigned mismatch
  Source.cpp
  Sprite.cpp
  StringHelper.cpp
  Texture.cpp
  Timer.cpp
  WindowContainer.cpp
c:\vsdev\computergraphics\dx11renderingengine\directx11renderingengine\graphics\model.cpp(27): warning C4018: '<': signed/unsigned mismatch
c:\vsdev\computergraphics\dx11renderingengine\directx11renderingengine\graphics\mesh.cpp(29): warning C4018: '<': signed/unsigned mismatch
Model.obj : error LNK2001: unresolved external symbol _aiGetMaterialTextureCount
Model.obj : error LNK2001: unresolved external symbol _aiGetMaterialColor
Model.obj : error LNK2001: unresolved external symbol "public: struct aiScene const * __thiscall Assimp::Importer::ReadFile(char const *,unsigned int)" (?ReadFile@Importer@Assimp@@QAEPBUaiScene@@PBDI@Z)
Model.obj : error LNK2001: unresolved external symbol "public: __thiscall Assimp::Importer::~Importer(void)" (??1Importer@Assimp@@QAE@XZ)
Model.obj : error LNK2001: unresolved external symbol "public: __thiscall Assimp::Importer::Importer(void)" (??0Importer@Assimp@@QAE@XZ)
Model.obj : error LNK2001: unresolved external symbol _aiGetMaterialTexture
C:\VSDev\ComputerGraphics\DX11RenderingEngine\\bin\Win32\Release\DirectX11RenderingEngine.exe : fatal error LNK1120: 6 unresolved externals
